#-----------------------------------------------------------
# Vivado v2024.1 (64-bit)
# SW Build 5076996 on Wed May 22 18:37:14 MDT 2024
# IP Build 5075265 on Wed May 22 21:45:21 MDT 2024
# SharedData Build 5076995 on Wed May 22 18:29:18 MDT 2024
# Start of session at: Sun Feb  2 16:45:36 2025
# Process ID: 20896
# Current directory: D:/Github/tt10-SPI-8bit/SPI/spi_master
# Command line: vivado.exe -gui_launcher_event rodinguilauncherevent19832 D:\Github\tt10-SPI-8bit\SPI\spi_master\spi_master.xpr
# Log file: D:/Github/tt10-SPI-8bit/SPI/spi_master/vivado.log
# Journal file: D:/Github/tt10-SPI-8bit/SPI/spi_master\vivado.jou
# Running On        :GHOST
# Platform          :Windows Server 2016 or Windows 10
# Operating System  :19045
# Processor Detail  :Intel(R) Core(TM) i5-10300H CPU @ 2.50GHz
# CPU Frequency     :2496 MHz
# CPU Physical cores:4
# CPU Logical cores :8
# Host memory       :17041 MB
# Swap memory       :1073 MB
# Total Virtual     :18114 MB
# Available Virtual :5702 MB
#-----------------------------------------------------------
start_gui
open_project D:/Github/tt10-SPI-8bit/SPI/spi_master/spi_master.xpr
